{ root: 'E:\\my-vue\\cl-project',
  registry: 'http://registry.npm.taobao.org',
  pkgs: [ { name: 'js-md5', version: '*', type: 'tag' } ],
  production: false,
  cacheStrict: false,
  cacheDir: 'C:\\Users\\Administrator\\.npminstall_tarball',
  env: 
   { npm_config_registry: 'http://registry.npm.taobao.org',
     npm_config_argv: '{"remain":[],"cooked":["--china","--userconfig=C:\\\\Users\\\\Administrator\\\\.cnpmrc","--disturl=https://npm.taobao.org/mirrors/node","--registry=http://registry.npm.taobao.org","--save","js-md5"],"original":["--china","--userconfig=C:\\\\Users\\\\Administrator\\\\.cnpmrc","--disturl=https://npm.taobao.org/mirrors/node","--registry=http://registry.npm.taobao.org","--save","js-md5"]}',
     NODE: 'C:\\Program Files\\nodejs\\node.exe',
     npm_node_execpath: 'C:\\Program Files\\nodejs\\node.exe',
     npm_execpath: 'C:\\Users\\Administrator\\AppData\\Roaming\\npm\\node_modules\\cnpm\\node_modules\\npminstall\\bin\\install.js',
     npm_rootpath: 'E:\\my-vue\\cl-project',
     npm_config_userconfig: 'C:\\Users\\Administrator\\.cnpmrc',
     npm_config_disturl: 'https://npm.taobao.org/mirrors/node',
     npm_config_r: 'http://registry.npm.taobao.org',
     NODEJS_ORG_MIRROR: 'https://npm.taobao.org/mirrors/node',
     NVM_NODEJS_ORG_MIRROR: 'https://npm.taobao.org/mirrors/node',
     NVM_IOJS_ORG_MIRROR: 'https://npm.taobao.org/mirrors/iojs',
     PHANTOMJS_CDNURL: 'https://npm.taobao.org/mirrors/phantomjs',
     CHROMEDRIVER_CDNURL: 'https://tnpm-hz.oss-cn-hangzhou.aliyuncs.com/dist/chromedriver',
     OPERADRIVER_CDNURL: 'https://npm.taobao.org/mirrors/operadriver',
     ELECTRON_MIRROR: 'https://npm.taobao.org/mirrors/electron/',
     SASS_BINARY_SITE: 'https://npm.taobao.org/mirrors/node-sass',
     FLOW_BINARY_MIRROR: 'https://github.com/facebook/flow/releases/download/v',
     npm_config_cache: 'C:\\Users\\Administrator\\.npminstall_tarball' },
  binaryMirrors: 
   { ENVS: 
      { NODEJS_ORG_MIRROR: 'https://npm.taobao.org/mirrors/node',
        NVM_NODEJS_ORG_MIRROR: 'https://npm.taobao.org/mirrors/node',
        NVM_IOJS_ORG_MIRROR: 'https://npm.taobao.org/mirrors/iojs',
        PHANTOMJS_CDNURL: 'https://npm.taobao.org/mirrors/phantomjs',
        CHROMEDRIVER_CDNURL: 'https://tnpm-hz.oss-cn-hangzhou.aliyuncs.com/dist/chromedriver',
        OPERADRIVER_CDNURL: 'https://npm.taobao.org/mirrors/operadriver',
        ELECTRON_MIRROR: 'https://npm.taobao.org/mirrors/electron/',
        SASS_BINARY_SITE: 'https://npm.taobao.org/mirrors/node-sass',
        FLOW_BINARY_MIRROR: 'https://github.com/facebook/flow/releases/download/v' },
     leveldown: { host: 'https://npm.taobao.org/mirrors/leveldown/v{version}' },
     'leveldown-hyper': { host: 'https://npm.taobao.org/mirrors/leveldown-hyper/v{version}' },
     mknod: { host: 'https://npm.taobao.org/mirrors/mknod/v{version}' },
     couchbase: { host: 'https://npm.taobao.org/mirrors/couchbase/v{version}' },
     'sodium-prebuilt': { host: 'https://npm.taobao.org/mirrors/sodium-prebuilt/v{version}' },
     'utp-native': { host: 'https://npm.taobao.org/mirrors/utp-native/v{version}' },
     'node-tk5': { host: 'https://npm.taobao.org/mirrors/node-tk5/v{version}' },
     'fuse-bindings': { host: 'https://npm.taobao.org/mirrors/fuse-bindings/v{version}' },
     'zmq-prebuilt': { host: 'https://npm.taobao.org/mirrors/zmq-prebuilt/v{version}' },
     gl: { host: 'https://npm.taobao.org/mirrors/gl/v{version}' },
     hackrf: { host: 'https://npm.taobao.org/mirrors/hackrf/v{version}' },
     rabin: { host: 'https://npm.taobao.org/mirrors/rabin/v{version}' },
     'v8-debug': { host: 'https://npm.taobao.org/mirrors/node-inspector' },
     'v8-profiler': { host: 'https://npm.taobao.org/mirrors/node-inspector' },
     sqlite3: { host: 'https://npm.taobao.org/mirrors' },
     grpc: 
      { host: 'https://npm.taobao.org/mirrors',
        remote_path: '{name}/v{version}' },
     fsevents: { host: 'https://npm.taobao.org/mirrors/fsevents' },
     nodegit: { host: 'https://npm.taobao.org/mirrors/nodegit/v{version}' },
     'flow-bin': 
      { replaceHost: 'https://github.com/facebook/flow/releases/download/v',
        host: 'https://npm.taobao.org/mirrors/flow/v' },
     'jpegtran-bin': { replaceHost: [Object], host: 'https://raw.github.cnpmjs.org' },
     'cwebp-bin': { replaceHost: [Object], host: 'https://raw.github.cnpmjs.org' },
     'zopflipng-bin': { replaceHost: [Object], host: 'https://raw.github.cnpmjs.org' },
     'optipng-bin': { replaceHost: [Object], host: 'https://raw.github.cnpmjs.org' },
     mozjpeg: { replaceHost: [Object], host: 'https://raw.github.cnpmjs.org' },
     gifsicle: { replaceHost: [Object], host: 'https://raw.github.cnpmjs.org' },
     'pngquant-bin': 
      { replaceHost: [Object],
        host: 'https://raw.github.cnpmjs.org',
        replaceHostMap: [Object] },
     'pngcrush-bin': { replaceHost: [Object], host: 'https://raw.github.cnpmjs.org' },
     'jpeg-recompress-bin': { replaceHost: [Object], host: 'https://raw.github.cnpmjs.org' },
     'advpng-bin': { replaceHost: [Object], host: 'https://raw.github.cnpmjs.org' },
     'pngout-bin': { replaceHost: [Object], host: 'https://raw.github.cnpmjs.org' },
     'jpegoptim-bin': { replaceHost: [Object], host: 'https://raw.github.cnpmjs.org' } },
  forbiddenLicenses: null,
  flatten: false,
  proxy: undefined,
  strictSSL: true,
  ignoreScripts: false,
  detail: false,
  trace: false,
  engineStrict: false,
  registryOnly: false,
  spinner: 
   Ora {
     options: { text: '', color: 'cyan', stream: [Object] },
     spinner: { interval: 130, frames: [Object] },
     text: '[0/1] Installing js-md5@*',
     color: 'cyan',
     interval: 130,
     stream: 
      WriteStream {
        connecting: false,
        _hadError: false,
        _handle: [Object],
        _parent: null,
        _host: null,
        _readableState: [Object],
        readable: false,
        domain: null,
        _events: [Object],
        _eventsCount: 3,
        _maxListeners: undefined,
        _writableState: [Object],
        writable: true,
        allowHalfOpen: false,
        destroyed: false,
        _bytesDispatched: 7832,
        _sockname: null,
        _writev: null,
        _pendingData: null,
        _pendingEncoding: '',
        server: null,
        _server: null,
        columns: 306,
        rows: 13,
        _type: 'tty',
        fd: 2,
        _isStdio: true,
        destroySoon: [Function],
        destroy: [Function] },
     id: null,
     frameIndex: 0,
     enabled: true },
  events: 
   EventEmitter {
     domain: null,
     _events: {},
     _eventsCount: 0,
     _maxListeners: 0,
     await: [Function] },
  postInstallTasks: [],
  peerDependencies: [],
  linkPeerDependencies: [],
  packageVersions: { 'js-md5': Set { '0.6.0' } },
  latestVersions: Map { 'js-md5' => '0.6.0' },
  latestPackages: Map {},
  cache: 
   { 'npm:resolve:package:js-md5': 
      { done: true,
        name: 'js-md5',
        modified: '2017-07-30T17:56:53.000Z',
        'dist-tags': [Object],
        versions: [Object],
        allVersions: [Object] },
     'npm:resolve:version:js-md5@*': 
      { name: 'js-md5',
        version: '0.6.0',
        devDependencies: [Object],
        directories: {},
        dist: [Object],
        _hasShrinkwrap: false,
        publish_time: 1501223252262,
        description: 'A simple MD5 hash function for JavaScript supports UTF-8 encoding.',
        main: 'src/md5.js',
        scripts: [Object],
        repository: [Object],
        keywords: [Object],
        license: 'MIT',
        author: [Object],
        homepage: 'https://github.com/emn178/js-md5',
        bugs: [Object],
        readme: 'ERROR: No README data found!',
        _id: 'js-md5@0.6.0' },
     'download:js-md5@0.6.0': { done: true },
     'install:js-md5@*': 
      { package: [Object],
        dir: 'E:\\my-vue\\cl-project\\node_modules\\_js-md5@0.6.0@js-md5' } },
  targetDir: 'E:\\my-vue\\cl-project',
  storeDir: 'E:\\my-vue\\cl-project\\node_modules',
  timeout: 60000,
  console: 
   { info: 
      { [Function: debug]
        namespace: 'npminstall:format_install_options',
        enabled: false,
        useColors: true,
        color: 3,
        inspectOpts: {} },
     log: 
      { [Function: debug]
        namespace: 'npminstall:format_install_options',
        enabled: false,
        useColors: true,
        color: 3,
        inspectOpts: {} },
     error: [Function: bound ],
     warn: [Function: bound ] },
  start: 1502776696789,
  totalTarballSize: 436733,
  totalJSONSize: 1072,
  totalJSONCount: 1,
  localPackages: 0,
  remotePackages: 0,
  registryPackages: 1,
  gitPackages: 0,
  pendingMessages: [],
  recentlyUpdateMinDateTime: 1502171896789,
  recentlyUpdates: Map {},
  onlyShowTodayUpdateToConsole: true,
  remoteNames: {},
  referer: 'install js-md5 --uuid=bb64b050-817e-11e7-a9c6-3df8d4d06fc8',
  installRoot: false,
  progresses: 
   { installTasks: 1,
     finishedInstallTasks: 1,
     linkTasks: 0,
     finishedLinkTasks: 0 },
  rootPkgDependencies: 
   { allMap: [Getter],
     all: [Getter],
     prodMap: [Getter],
     prod: [Getter] } }